2021-04-16T23:06:55+00:00 CRITICAL Uncaught Error: Class 'XMLReader' not found in /var/www/angelora/wp-content/plugins/one-click-demo-import/vendor/awesomemotive/wp-content-importer-v2/src/WXRImporter.php:127
Stack trace:
#0 /var/www/angelora/wp-content/plugins/one-click-demo-import/vendor/awesomemotive/wp-content-importer-v2/src/WXRImporter.php(350): AwesomeMotive\WPContentImporter2\WXRImporter->get_reader()
#1 /var/www/angelora/wp-content/plugins/one-click-demo-import/inc/Importer.php(80): AwesomeMotive\WPContentImporter2\WXRImporter->import()
#2 /var/www/angelora/wp-content/plugins/one-click-demo-import/inc/Importer.php(139): OCDI\Importer->import()
#3 /var/www/angelora/wp-content/plugins/one-click-demo-import/inc/OneClickDemoImport.php(367): OCDI\Importer->import_content()
#4 /var/www/angelora/wp-includes/class-wp-hook.php(292): OCDI\OneClickDemoImport->import_demo_data_ajax_callback()
#5 /var/www/angelora/wp-includes/class-wp-hook.php(316): WP_Hook->apply_filters()
#6 /var/www/angelora/wp-includes/plugin.php(484): WP_Hook->do_action()
#7  in /var/www/angelora/wp-content/plugins/one-click-demo-import/vendor/awesomemotive/wp-content-importer-v2/src/WXRImporter.php on line 127

2021-04-16T23:09:06+00:00 CRITICAL Uncaught Error: Class 'XMLReader' not found in /var/www/angelora/wp-content/plugins/one-click-demo-import/vendor/awesomemotive/wp-content-importer-v2/src/WXRImporter.php:127
Stack trace:
#0 /var/www/angelora/wp-content/plugins/one-click-demo-import/vendor/awesomemotive/wp-content-importer-v2/src/WXRImporter.php(350): AwesomeMotive\WPContentImporter2\WXRImporter->get_reader()
#1 /var/www/angelora/wp-content/plugins/one-click-demo-import/inc/Importer.php(80): AwesomeMotive\WPContentImporter2\WXRImporter->import()
#2 /var/www/angelora/wp-content/plugins/one-click-demo-import/inc/Importer.php(139): OCDI\Importer->import()
#3 /var/www/angelora/wp-content/plugins/one-click-demo-import/inc/OneClickDemoImport.php(367): OCDI\Importer->import_content()
#4 /var/www/angelora/wp-includes/class-wp-hook.php(292): OCDI\OneClickDemoImport->import_demo_data_ajax_callback()
#5 /var/www/angelora/wp-includes/class-wp-hook.php(316): WP_Hook->apply_filters()
#6 /var/www/angelora/wp-includes/plugin.php(484): WP_Hook->do_action()
#7  in /var/www/angelora/wp-content/plugins/one-click-demo-import/vendor/awesomemotive/wp-content-importer-v2/src/WXRImporter.php on line 127

2021-04-16T23:11:03+00:00 CRITICAL Uncaught Error: Class 'XMLReader' not found in /var/www/angelora/wp-content/plugins/one-click-demo-import/vendor/awesomemotive/wp-content-importer-v2/src/WXRImporter.php:127
Stack trace:
#0 /var/www/angelora/wp-content/plugins/one-click-demo-import/vendor/awesomemotive/wp-content-importer-v2/src/WXRImporter.php(350): AwesomeMotive\WPContentImporter2\WXRImporter->get_reader()
#1 /var/www/angelora/wp-content/plugins/one-click-demo-import/inc/Importer.php(80): AwesomeMotive\WPContentImporter2\WXRImporter->import()
#2 /var/www/angelora/wp-content/plugins/one-click-demo-import/inc/Importer.php(139): OCDI\Importer->import()
#3 /var/www/angelora/wp-content/plugins/one-click-demo-import/inc/OneClickDemoImport.php(367): OCDI\Importer->import_content()
#4 /var/www/angelora/wp-includes/class-wp-hook.php(292): OCDI\OneClickDemoImport->import_demo_data_ajax_callback()
#5 /var/www/angelora/wp-includes/class-wp-hook.php(316): WP_Hook->apply_filters()
#6 /var/www/angelora/wp-includes/plugin.php(484): WP_Hook->do_action()
#7  in /var/www/angelora/wp-content/plugins/one-click-demo-import/vendor/awesomemotive/wp-content-importer-v2/src/WXRImporter.php on line 127

